# JRE version: Java(TM) SE Runtime Environment (8.0_371) (build 1.8.0_371-b11)
# Java VM: Java HotSpot(TM) 64-Bit Server VM (25.371-b11 mixed mode windows-amd64 compressed oops)
Heap:
 PSYoungGen      total 148992K, used 130551K [0x000000076b900000, 0x0000000778900000, 0x00000007c0000000)
  eden space 124416K, 85% used [0x000000076b900000,0x00000007720820a0,0x0000000773280000)
  from space 24576K, 99% used [0x0000000773280000,0x0000000774a7be38,0x0000000774a80000)
  to   space 28160K, 0% used [0x0000000776d80000,0x0000000776d80000,0x0000000778900000)
 ParOldGen       total 125952K, used 22824K [0x00000006c2a00000, 0x00000006ca500000, 0x000000076b900000)
  object space 125952K, 18% used [0x00000006c2a00000,0x00000006c404a0f0,0x00000006ca500000)
 Metaspace       used 28479K, capacity 29146K, committed 29312K, reserved 1075200K
  class space    used 3243K, capacity 3411K, committed 3456K, reserved 1048576K
GC Heap History (10 events):
Event: 2.896 GC heap before
{Heap before GC invocations=4 (full 0):
 PSYoungGen      total 75776K, used 75752K [0x000000076b900000, 0x0000000770d80000, 0x00000007c0000000)
  eden space 65024K, 100% used [0x000000076b900000,0x000000076f880000,0x000000076f880000)
  from space 10752K, 99% used [0x000000076f880000,0x00000007702fa060,0x0000000770300000)
  to   space 10752K, 0% used [0x0000000770300000,0x0000000770300000,0x0000000770d80000)
 ParOldGen       total 173568K, used 3975K [0x00000006c2a00000, 0x00000006cd380000, 0x000000076b900000)
  object space 173568K, 2% used [0x00000006c2a00000,0x00000006c2de1f30,0x00000006cd380000)
 Metaspace       used 19078K, capacity 19638K, committed 19712K, reserved 1067008K
  class space    used 2145K, capacity 2271K, committed 2304K, reserved 1048576K
Event: 2.908 GC heap after
Heap after GC invocations=4 (full 0):
 PSYoungGen      total 75776K, used 10728K [0x000000076b900000, 0x0000000774d00000, 0x00000007c0000000)
  eden space 65024K, 0% used [0x000000076b900000,0x000000076b900000,0x000000076f880000)
  from space 10752K, 99% used [0x0000000770300000,0x0000000770d7a020,0x0000000770d80000)
  to   space 10752K, 0% used [0x000000076f880000,0x000000076f880000,0x0000000770300000)
 ParOldGen       total 173568K, used 8158K [0x00000006c2a00000, 0x00000006cd380000, 0x000000076b900000)
  object space 173568K, 4% used [0x00000006c2a00000,0x00000006c31f7970,0x00000006cd380000)
 Metaspace       used 19078K, capacity 19638K, committed 19712K, reserved 1067008K
  class space    used 2145K, capacity 2271K, committed 2304K, reserved 1048576K
}
Event: 3.080 GC heap before
{Heap before GC invocations=5 (full 0):
 PSYoungGen      total 75776K, used 32788K [0x000000076b900000, 0x0000000774d00000, 0x00000007c0000000)
  eden space 65024K, 33% used [0x000000076b900000,0x000000076ce8b240,0x000000076f880000)
  from space 10752K, 99% used [0x0000000770300000,0x0000000770d7a020,0x0000000770d80000)
  to   space 10752K, 0% used [0x000000076f880000,0x000000076f880000,0x0000000770300000)
 ParOldGen       total 173568K, used 8158K [0x00000006c2a00000, 0x00000006cd380000, 0x000000076b900000)
  object space 173568K, 4% used [0x00000006c2a00000,0x00000006c31f7970,0x00000006cd380000)
 Metaspace       used 20507K, capacity 21114K, committed 21248K, reserved 1069056K
  class space    used 2362K, capacity 2505K, committed 2560K, reserved 1048576K
Event: 3.088 GC heap after
Heap after GC invocations=5 (full 0):
 PSYoungGen      total 75776K, used 10744K [0x000000076b900000, 0x0000000776400000, 0x00000007c0000000)
  eden space 65024K, 0% used [0x000000076b900000,0x000000076b900000,0x000000076f880000)
  from space 10752K, 99% used [0x000000076f880000,0x00000007702fe070,0x0000000770300000)
  to   space 22528K, 0% used [0x0000000774e00000,0x0000000774e00000,0x0000000776400000)
 ParOldGen       total 173568K, used 19678K [0x00000006c2a00000, 0x00000006cd380000, 0x000000076b900000)
  object space 173568K, 11% used [0x00000006c2a00000,0x00000006c3d379a0,0x00000006cd380000)
 Metaspace       used 20507K, capacity 21114K, committed 21248K, reserved 1069056K
  class space    used 2362K, capacity 2505K, committed 2560K, reserved 1048576K
}
Event: 3.088 GC heap before
{Heap before GC invocations=6 (full 1):
 PSYoungGen      total 75776K, used 10744K [0x000000076b900000, 0x0000000776400000, 0x00000007c0000000)
  eden space 65024K, 0% used [0x000000076b900000,0x000000076b900000,0x000000076f880000)
  from space 10752K, 99% used [0x000000076f880000,0x00000007702fe070,0x0000000770300000)
  to   space 22528K, 0% used [0x0000000774e00000,0x0000000774e00000,0x0000000776400000)
 ParOldGen       total 173568K, used 19678K [0x00000006c2a00000, 0x00000006cd380000, 0x000000076b900000)
  object space 173568K, 11% used [0x00000006c2a00000,0x00000006c3d379a0,0x00000006cd380000)
 Metaspace       used 20507K, capacity 21114K, committed 21248K, reserved 1069056K
  class space    used 2362K, capacity 2505K, committed 2560K, reserved 1048576K
Event: 3.130 GC heap after
Heap after GC invocations=6 (full 1):
 PSYoungGen      total 75776K, used 0K [0x000000076b900000, 0x0000000776400000, 0x00000007c0000000)
  eden space 65024K, 0% used [0x000000076b900000,0x000000076b900000,0x000000076f880000)
  from space 10752K, 0% used [0x000000076f880000,0x000000076f880000,0x0000000770300000)
  to   space 22528K, 0% used [0x0000000774e00000,0x0000000774e00000,0x0000000776400000)
 ParOldGen       total 125952K, used 22674K [0x00000006c2a00000, 0x00000006ca500000, 0x000000076b900000)
  object space 125952K, 18% used [0x00000006c2a00000,0x00000006c40249c8,0x00000006ca500000)
 Metaspace       used 20507K, capacity 21114K, committed 21248K, reserved 1069056K
  class space    used 2362K, capacity 2505K, committed 2560K, reserved 1048576K
}
Event: 3.464 GC heap before
{Heap before GC invocations=7 (full 1):
 PSYoungGen      total 75776K, used 65024K [0x000000076b900000, 0x0000000776400000, 0x00000007c0000000)
  eden space 65024K, 100% used [0x000000076b900000,0x000000076f880000,0x000000076f880000)
  from space 10752K, 0% used [0x000000076f880000,0x000000076f880000,0x0000000770300000)
  to   space 22528K, 0% used [0x0000000774e00000,0x0000000774e00000,0x0000000776400000)
 ParOldGen       total 125952K, used 22674K [0x00000006c2a00000, 0x00000006ca500000, 0x000000076b900000)
  object space 125952K, 18% used [0x00000006c2a00000,0x00000006c40249c8,0x00000006ca500000)
 Metaspace       used 21074K, capacity 21722K, committed 22016K, reserved 1069056K
  class space    used 2404K, capacity 2537K, committed 2560K, reserved 1048576K
Event: 3.469 GC heap after
Heap after GC invocations=7 (full 1):
 PSYoungGen      total 122880K, used 20494K [0x000000076b900000, 0x0000000776280000, 0x00000007c0000000)
  eden space 101888K, 0% used [0x000000076b900000,0x000000076b900000,0x0000000771c80000)
  from space 20992K, 97% used [0x0000000774e00000,0x0000000776203940,0x0000000776280000)
  to   space 24576K, 0% used [0x0000000773280000,0x0000000773280000,0x0000000774a80000)
 ParOldGen       total 125952K, used 22682K [0x00000006c2a00000, 0x00000006ca500000, 0x000000076b900000)
  object space 125952K, 18% used [0x00000006c2a00000,0x00000006c40269c8,0x00000006ca500000)
 Metaspace       used 21074K, capacity 21722K, committed 22016K, reserved 1069056K
  class space    used 2404K, capacity 2537K, committed 2560K, reserved 1048576K
}
Event: 4.425 GC heap before
{Heap before GC invocations=8 (full 1):
 PSYoungGen      total 122880K, used 122382K [0x000000076b900000, 0x0000000776280000, 0x00000007c0000000)
  eden space 101888K, 100% used [0x000000076b900000,0x0000000771c80000,0x0000000771c80000)
  from space 20992K, 97% used [0x0000000774e00000,0x0000000776203940,0x0000000776280000)
  to   space 24576K, 0% used [0x0000000773280000,0x0000000773280000,0x0000000774a80000)
 ParOldGen       total 125952K, used 22682K [0x00000006c2a00000, 0x00000006ca500000, 0x000000076b900000)
  object space 125952K, 18% used [0x00000006c2a00000,0x00000006c40269c8,0x00000006ca500000)
 Metaspace       used 25450K, capacity 26074K, committed 26240K, reserved 1073152K
  class space    used 2955K, capacity 3091K, committed 3200K, reserved 1048576K
Event: 4.435 GC heap after
Heap after GC invocations=8 (full 1):
 PSYoungGen      total 148992K, used 24559K [0x000000076b900000, 0x0000000778900000, 0x00000007c0000000)
  eden space 124416K, 0% used [0x000000076b900000,0x000000076b900000,0x0000000773280000)
  from space 24576K, 99% used [0x0000000773280000,0x0000000774a7be38,0x0000000774a80000)
  to   space 28160K, 0% used [0x0000000776d80000,0x0000000776d80000,0x0000000778900000)
 ParOldGen       total 125952K, used 22824K [0x00000006c2a00000, 0x00000006ca500000, 0x000000076b900000)
  object space 125952K, 18% used [0x00000006c2a00000,0x00000006c404a0f0,0x00000006ca500000)
 Metaspace       used 25450K, capacity 26074K, committed 26240K, reserved 1073152K
  class space    used 2955K, capacity 3091K, committed 3200K, reserved 1048576K
}

